This file contains any messages produced by compilers while
running configure, to aid debugging if configure makes a mistake.

It was created by gnugo configure 3.8, which was
generated by GNU Autoconf 2.61.  Invocation command line was

  $ ./configure 

## --------- ##
## Platform. ##
## --------- ##

hostname = raspberrypi
uname -m = armv7l
uname -r = 5.10.103-v7l+
uname -s = Linux
uname -v = #1529 SMP Tue Mar 8 12:24:00 GMT 2022

/usr/bin/uname -p = unknown
/bin/uname -X     = unknown

/bin/arch              = armv7l
/usr/bin/arch -k       = unknown
/usr/convex/getsysinfo = unknown
/usr/bin/hostinfo      = unknown
/bin/machine           = unknown
/usr/bin/oslevel       = unknown
/bin/universe          = unknown

PATH: /home/pi/.local/bin
PATH: /usr/local/sbin
PATH: /usr/local/bin
PATH: /usr/sbin
PATH: /usr/bin
PATH: /sbin
PATH: /bin
PATH: /usr/local/games
PATH: /usr/games


## ----------- ##
## Core tests. ##
## ----------- ##

configure:1836: checking for a BSD-compatible install
configure:1892: result: /usr/bin/install -c
configure:1903: checking whether build environment is sane
configure:1946: result: yes
configure:2011: checking for gawk
configure:2041: result: no
configure:2011: checking for mawk
configure:2027: found /usr/bin/mawk
configure:2038: result: mawk
configure:2049: checking whether make sets $(MAKE)
configure:2070: result: yes
configure:2260: checking whether to enable maintainer-specific portions of Makefiles
configure:2269: result: no
configure:2462: checking for gcc
configure:2478: found /usr/bin/gcc
configure:2489: result: gcc
configure:2727: checking for C compiler version
configure:2734: gcc --version >&5
gcc (Raspbian 8.3.0-6+rpi1) 8.3.0
Copyright (C) 2018 Free Software Foundation, Inc.
This is free software; see the source for copying conditions.  There is NO
warranty; not even for MERCHANTABILITY or FITNESS FOR A PARTICULAR PURPOSE.

configure:2737: $? = 0
configure:2744: gcc -v >&5
Using built-in specs.
COLLECT_GCC=gcc
COLLECT_LTO_WRAPPER=/usr/lib/gcc/arm-linux-gnueabihf/8/lto-wrapper
Target: arm-linux-gnueabihf
Configured with: ../src/configure -v --with-pkgversion='Raspbian 8.3.0-6+rpi1' --with-bugurl=file:///usr/share/doc/gcc-8/README.Bugs --enable-languages=c,ada,c++,go,d,fortran,objc,obj-c++ --prefix=/usr --with-gcc-major-version-only --program-suffix=-8 --program-prefix=arm-linux-gnueabihf- --enable-shared --enable-linker-build-id --libexecdir=/usr/lib --without-included-gettext --enable-threads=posix --libdir=/usr/lib --enable-nls --enable-bootstrap --enable-clocale=gnu --enable-libstdcxx-debug --enable-libstdcxx-time=yes --with-default-libstdcxx-abi=new --enable-gnu-unique-object --disable-libitm --disable-libquadmath --disable-libquadmath-support --enable-plugin --with-system-zlib --with-target-system-zlib --enable-objc-gc=auto --enable-multiarch --disable-sjlj-exceptions --with-arch=armv6 --with-fpu=vfp --with-float=hard --disable-werror --enable-checking=release --build=arm-linux-gnueabihf --host=arm-linux-gnueabihf --target=arm-linux-gnueabihf
Thread model: posix
gcc version 8.3.0 (Raspbian 8.3.0-6+rpi1) 
configure:2747: $? = 0
configure:2754: gcc -V >&5
gcc: error: unrecognized command line option '-V'
gcc: fatal error: no input files
compilation terminated.
configure:2757: $? = 1
configure:2780: checking for C compiler default output file name
configure:2807: gcc    conftest.c  >&5
configure:2810: $? = 0
configure:2848: result: a.out
configure:2865: checking whether the C compiler works
configure:2875: ./a.out
configure:2878: $? = 0
configure:2895: result: yes
configure:2902: checking whether we are cross compiling
configure:2904: result: no
configure:2907: checking for suffix of executables
configure:2914: gcc -o conftest    conftest.c  >&5
configure:2917: $? = 0
configure:2941: result: 
configure:2947: checking for suffix of object files
configure:2973: gcc -c   conftest.c >&5
configure:2976: $? = 0
configure:2999: result: o
configure:3003: checking whether we are using the GNU C compiler
configure:3032: gcc -c   conftest.c >&5
configure:3038: $? = 0
configure:3055: result: yes
configure:3060: checking whether gcc accepts -g
configure:3090: gcc -c -g  conftest.c >&5
configure:3096: $? = 0
configure:3195: result: yes
configure:3212: checking for gcc option to accept ISO C89
configure:3286: gcc  -c -g -O2  conftest.c >&5
configure:3292: $? = 0
configure:3315: result: none needed
configure:3344: checking for style of include used by make
configure:3372: result: GNU
configure:3400: checking dependency style of gcc
configure:3490: result: gcc3
configure:3512: checking for library containing pow
configure:3553: gcc -o conftest -g -O2   conftest.c  >&5
conftest.c:18:6: warning: conflicting types for built-in function 'pow' [-Wbuiltin-declaration-mismatch]
 char pow ();
      ^~~
/usr/bin/ld: /tmp/ccyYUiob.o: in function `main':
/home/pi/AutoGo/gnugo-3.8/conftest.c:22: undefined reference to `pow'
collect2: error: ld returned 1 exit status
configure:3559: $? = 1
configure: failed program was:
| /* confdefs.h.  */
| #define PACKAGE_NAME "gnugo"
| #define PACKAGE_TARNAME "gnugo"
| #define PACKAGE_VERSION "3.8"
| #define PACKAGE_STRING "gnugo 3.8"
| #define PACKAGE_BUGREPORT ""
| #define PACKAGE "gnugo"
| #define VERSION "3.8"
| #define GNU_PACKAGE "GNU gnugo"
| /* end confdefs.h.  */
| 
| /* Override any GCC internal prototype to avoid an error.
|    Use char because int might match the return type of a GCC
|    builtin and then its argument prototype would still apply.  */
| #ifdef __cplusplus
| extern "C"
| #endif
| char pow ();
| int
| main ()
| {
| return pow ();
|   ;
|   return 0;
| }
configure:3553: gcc -o conftest -g -O2   conftest.c -lm   >&5
conftest.c:18:6: warning: conflicting types for built-in function 'pow' [-Wbuiltin-declaration-mismatch]
 char pow ();
      ^~~
configure:3559: $? = 0
configure:3587: result: -lm
configure:3596: checking for mingw32
configure:3622: gcc -c -g -O2  conftest.c >&5
conftest.c: In function 'main':
conftest.c:15:8: error: '__MINGW32__' undeclared (first use in this function); did you mean '__LINE__'?
 return __MINGW32__
        ^~~~~~~~~~~
        __LINE__
conftest.c:15:8: note: each undeclared identifier is reported only once for each function it appears in
configure:3628: $? = 1
configure: failed program was:
| /* confdefs.h.  */
| #define PACKAGE_NAME "gnugo"
| #define PACKAGE_TARNAME "gnugo"
| #define PACKAGE_VERSION "3.8"
| #define PACKAGE_STRING "gnugo 3.8"
| #define PACKAGE_BUGREPORT ""
| #define PACKAGE "gnugo"
| #define VERSION "3.8"
| #define GNU_PACKAGE "GNU gnugo"
| /* end confdefs.h.  */
| 
| int
| main ()
| {
| return __MINGW32__
|   ;
|   return 0;
| }
configure:3644: result: no
configure:3739: checking how to run the C preprocessor
configure:3779: gcc -E  conftest.c
configure:3785: $? = 0
configure:3816: gcc -E  conftest.c
conftest.c:11:10: fatal error: ac_nonexistent.h: No such file or directory
 #include <ac_nonexistent.h>
          ^~~~~~~~~~~~~~~~~~
compilation terminated.
configure:3822: $? = 1
configure: failed program was:
| /* confdefs.h.  */
| #define PACKAGE_NAME "gnugo"
| #define PACKAGE_TARNAME "gnugo"
| #define PACKAGE_VERSION "3.8"
| #define PACKAGE_STRING "gnugo 3.8"
| #define PACKAGE_BUGREPORT ""
| #define PACKAGE "gnugo"
| #define VERSION "3.8"
| #define GNU_PACKAGE "GNU gnugo"
| /* end confdefs.h.  */
| #include <ac_nonexistent.h>
configure:3855: result: gcc -E
configure:3884: gcc -E  conftest.c
configure:3890: $? = 0
configure:3921: gcc -E  conftest.c
conftest.c:11:10: fatal error: ac_nonexistent.h: No such file or directory
 #include <ac_nonexistent.h>
          ^~~~~~~~~~~~~~~~~~
compilation terminated.
configure:3927: $? = 1
configure: failed program was:
| /* confdefs.h.  */
| #define PACKAGE_NAME "gnugo"
| #define PACKAGE_TARNAME "gnugo"
| #define PACKAGE_VERSION "3.8"
| #define PACKAGE_STRING "gnugo 3.8"
| #define PACKAGE_BUGREPORT ""
| #define PACKAGE "gnugo"
| #define VERSION "3.8"
| #define GNU_PACKAGE "GNU gnugo"
| /* end confdefs.h.  */
| #include <ac_nonexistent.h>
configure:4007: checking for ranlib
configure:4023: found /usr/bin/ranlib
configure:4034: result: ranlib
configure:4061: checking whether make sets $(MAKE)
configure:4082: result: yes
configure:4092: checking whether time.h and sys/time.h may both be included
configure:4122: gcc -c -g -O2  conftest.c >&5
configure:4128: $? = 0
configure:4143: result: yes
configure:4154: checking for an ANSI C-conforming const
configure:4229: gcc -c -g -O2  conftest.c >&5
configure:4235: $? = 0
configure:4250: result: yes
configure:4262: checking for grep that handles long lines and -e
configure:4336: result: /usr/bin/grep
configure:4341: checking for egrep
configure:4419: result: /usr/bin/grep -E
configure:4424: checking for ANSI C header files
configure:4454: gcc -c -g -O2  conftest.c >&5
configure:4460: $? = 0
configure:4559: gcc -o conftest -g -O2   conftest.c -lm  >&5
configure:4562: $? = 0
configure:4568: ./conftest
configure:4571: $? = 0
configure:4588: result: yes
configure:4612: checking for sys/types.h
configure:4633: gcc -c -g -O2  conftest.c >&5
configure:4639: $? = 0
configure:4655: result: yes
configure:4612: checking for sys/stat.h
configure:4633: gcc -c -g -O2  conftest.c >&5
configure:4639: $? = 0
configure:4655: result: yes
configure:4612: checking for stdlib.h
configure:4633: gcc -c -g -O2  conftest.c >&5
configure:4639: $? = 0
configure:4655: result: yes
configure:4612: checking for string.h
configure:4633: gcc -c -g -O2  conftest.c >&5
configure:4639: $? = 0
configure:4655: result: yes
configure:4612: checking for memory.h
configure:4633: gcc -c -g -O2  conftest.c >&5
configure:4639: $? = 0
configure:4655: result: yes
configure:4612: checking for strings.h
configure:4633: gcc -c -g -O2  conftest.c >&5
configure:4639: $? = 0
configure:4655: result: yes
configure:4612: checking for inttypes.h
configure:4633: gcc -c -g -O2  conftest.c >&5
configure:4639: $? = 0
configure:4655: result: yes
configure:4612: checking for stdint.h
configure:4633: gcc -c -g -O2  conftest.c >&5
configure:4639: $? = 0
configure:4655: result: yes
configure:4612: checking for unistd.h
configure:4633: gcc -c -g -O2  conftest.c >&5
configure:4639: $? = 0
configure:4655: result: yes
configure:4674: checking for unistd.h
configure:4680: result: yes
configure:4684: checking sys/time.h usability
configure:4701: gcc -c -g -O2  conftest.c >&5
configure:4707: $? = 0
configure:4721: result: yes
configure:4725: checking sys/time.h presence
configure:4740: gcc -E  conftest.c
configure:4746: $? = 0
configure:4760: result: yes
configure:4788: checking for sys/time.h
configure:4796: result: yes
configure:4684: checking sys/times.h usability
configure:4701: gcc -c -g -O2  conftest.c >&5
configure:4707: $? = 0
configure:4721: result: yes
configure:4725: checking sys/times.h presence
configure:4740: gcc -E  conftest.c
configure:4746: $? = 0
configure:4760: result: yes
configure:4788: checking for sys/times.h
configure:4796: result: yes
configure:4827: checking curses.h usability
configure:4844: gcc -c -g -O2  conftest.c >&5
conftest.c:58:10: fatal error: curses.h: No such file or directory
 #include <curses.h>
          ^~~~~~~~~~
compilation terminated.
configure:4850: $? = 1
configure: failed program was:
| /* confdefs.h.  */
| #define PACKAGE_NAME "gnugo"
| #define PACKAGE_TARNAME "gnugo"
| #define PACKAGE_VERSION "3.8"
| #define PACKAGE_STRING "gnugo 3.8"
| #define PACKAGE_BUGREPORT ""
| #define PACKAGE "gnugo"
| #define VERSION "3.8"
| #define GNU_PACKAGE "GNU gnugo"
| #define TIME_WITH_SYS_TIME 1
| #define STDC_HEADERS 1
| #define HAVE_SYS_TYPES_H 1
| #define HAVE_SYS_STAT_H 1
| #define HAVE_STDLIB_H 1
| #define HAVE_STRING_H 1
| #define HAVE_MEMORY_H 1
| #define HAVE_STRINGS_H 1
| #define HAVE_INTTYPES_H 1
| #define HAVE_STDINT_H 1
| #define HAVE_UNISTD_H 1
| #define HAVE_UNISTD_H 1
| #define HAVE_SYS_TIME_H 1
| #define HAVE_SYS_TIMES_H 1
| /* end confdefs.h.  */
| #include <stdio.h>
| #ifdef HAVE_SYS_TYPES_H
| # include <sys/types.h>
| #endif
| #ifdef HAVE_SYS_STAT_H
| # include <sys/stat.h>
| #endif
| #ifdef STDC_HEADERS
| # include <stdlib.h>
| # include <stddef.h>
| #else
| # ifdef HAVE_STDLIB_H
| #  include <stdlib.h>
| # endif
| #endif
| #ifdef HAVE_STRING_H
| # if !defined STDC_HEADERS && defined HAVE_MEMORY_H
| #  include <memory.h>
| # endif
| # include <string.h>
| #endif
| #ifdef HAVE_STRINGS_H
| # include <strings.h>
| #endif
| #ifdef HAVE_INTTYPES_H
| # include <inttypes.h>
| #endif
| #ifdef HAVE_STDINT_H
| # include <stdint.h>
| #endif
| #ifdef HAVE_UNISTD_H
| # include <unistd.h>
| #endif
| #include <curses.h>
configure:4864: result: no
configure:4868: checking curses.h presence
configure:4883: gcc -E  conftest.c
conftest.c:25:10: fatal error: curses.h: No such file or directory
 #include <curses.h>
          ^~~~~~~~~~
compilation terminated.
configure:4889: $? = 1
configure: failed program was:
| /* confdefs.h.  */
| #define PACKAGE_NAME "gnugo"
| #define PACKAGE_TARNAME "gnugo"
| #define PACKAGE_VERSION "3.8"
| #define PACKAGE_STRING "gnugo 3.8"
| #define PACKAGE_BUGREPORT ""
| #define PACKAGE "gnugo"
| #define VERSION "3.8"
| #define GNU_PACKAGE "GNU gnugo"
| #define TIME_WITH_SYS_TIME 1
| #define STDC_HEADERS 1
| #define HAVE_SYS_TYPES_H 1
| #define HAVE_SYS_STAT_H 1
| #define HAVE_STDLIB_H 1
| #define HAVE_STRING_H 1
| #define HAVE_MEMORY_H 1
| #define HAVE_STRINGS_H 1
| #define HAVE_INTTYPES_H 1
| #define HAVE_STDINT_H 1
| #define HAVE_UNISTD_H 1
| #define HAVE_UNISTD_H 1
| #define HAVE_SYS_TIME_H 1
| #define HAVE_SYS_TIMES_H 1
| /* end confdefs.h.  */
| #include <curses.h>
configure:4903: result: no
configure:4931: checking for curses.h
configure:4939: result: no
configure:4827: checking term.h usability
configure:4844: gcc -c -g -O2  conftest.c >&5
conftest.c:58:10: fatal error: term.h: No such file or directory
 #include <term.h>
          ^~~~~~~~
compilation terminated.
configure:4850: $? = 1
configure: failed program was:
| /* confdefs.h.  */
| #define PACKAGE_NAME "gnugo"
| #define PACKAGE_TARNAME "gnugo"
| #define PACKAGE_VERSION "3.8"
| #define PACKAGE_STRING "gnugo 3.8"
| #define PACKAGE_BUGREPORT ""
| #define PACKAGE "gnugo"
| #define VERSION "3.8"
| #define GNU_PACKAGE "GNU gnugo"
| #define TIME_WITH_SYS_TIME 1
| #define STDC_HEADERS 1
| #define HAVE_SYS_TYPES_H 1
| #define HAVE_SYS_STAT_H 1
| #define HAVE_STDLIB_H 1
| #define HAVE_STRING_H 1
| #define HAVE_MEMORY_H 1
| #define HAVE_STRINGS_H 1
| #define HAVE_INTTYPES_H 1
| #define HAVE_STDINT_H 1
| #define HAVE_UNISTD_H 1
| #define HAVE_UNISTD_H 1
| #define HAVE_SYS_TIME_H 1
| #define HAVE_SYS_TIMES_H 1
| /* end confdefs.h.  */
| #include <stdio.h>
| #ifdef HAVE_SYS_TYPES_H
| # include <sys/types.h>
| #endif
| #ifdef HAVE_SYS_STAT_H
| # include <sys/stat.h>
| #endif
| #ifdef STDC_HEADERS
| # include <stdlib.h>
| # include <stddef.h>
| #else
| # ifdef HAVE_STDLIB_H
| #  include <stdlib.h>
| # endif
| #endif
| #ifdef HAVE_STRING_H
| # if !defined STDC_HEADERS && defined HAVE_MEMORY_H
| #  include <memory.h>
| # endif
| # include <string.h>
| #endif
| #ifdef HAVE_STRINGS_H
| # include <strings.h>
| #endif
| #ifdef HAVE_INTTYPES_H
| # include <inttypes.h>
| #endif
| #ifdef HAVE_STDINT_H
| # include <stdint.h>
| #endif
| #ifdef HAVE_UNISTD_H
| # include <unistd.h>
| #endif
| #include <term.h>
configure:4864: result: no
configure:4868: checking term.h presence
configure:4883: gcc -E  conftest.c
conftest.c:25:10: fatal error: term.h: No such file or directory
 #include <term.h>
          ^~~~~~~~
compilation terminated.
configure:4889: $? = 1
configure: failed program was:
| /* confdefs.h.  */
| #define PACKAGE_NAME "gnugo"
| #define PACKAGE_TARNAME "gnugo"
| #define PACKAGE_VERSION "3.8"
| #define PACKAGE_STRING "gnugo 3.8"
| #define PACKAGE_BUGREPORT ""
| #define PACKAGE "gnugo"
| #define VERSION "3.8"
| #define GNU_PACKAGE "GNU gnugo"
| #define TIME_WITH_SYS_TIME 1
| #define STDC_HEADERS 1
| #define HAVE_SYS_TYPES_H 1
| #define HAVE_SYS_STAT_H 1
| #define HAVE_STDLIB_H 1
| #define HAVE_STRING_H 1
| #define HAVE_MEMORY_H 1
| #define HAVE_STRINGS_H 1
| #define HAVE_INTTYPES_H 1
| #define HAVE_STDINT_H 1
| #define HAVE_UNISTD_H 1
| #define HAVE_UNISTD_H 1
| #define HAVE_SYS_TIME_H 1
| #define HAVE_SYS_TIMES_H 1
| /* end confdefs.h.  */
| #include <term.h>
configure:4903: result: no
configure:4931: checking for term.h
configure:4939: result: no
configure:4827: checking ncurses/curses.h usability
configure:4844: gcc -c -g -O2  conftest.c >&5
conftest.c:58:10: fatal error: ncurses/curses.h: No such file or directory
 #include <ncurses/curses.h>
          ^~~~~~~~~~~~~~~~~~
compilation terminated.
configure:4850: $? = 1
configure: failed program was:
| /* confdefs.h.  */
| #define PACKAGE_NAME "gnugo"
| #define PACKAGE_TARNAME "gnugo"
| #define PACKAGE_VERSION "3.8"
| #define PACKAGE_STRING "gnugo 3.8"
| #define PACKAGE_BUGREPORT ""
| #define PACKAGE "gnugo"
| #define VERSION "3.8"
| #define GNU_PACKAGE "GNU gnugo"
| #define TIME_WITH_SYS_TIME 1
| #define STDC_HEADERS 1
| #define HAVE_SYS_TYPES_H 1
| #define HAVE_SYS_STAT_H 1
| #define HAVE_STDLIB_H 1
| #define HAVE_STRING_H 1
| #define HAVE_MEMORY_H 1
| #define HAVE_STRINGS_H 1
| #define HAVE_INTTYPES_H 1
| #define HAVE_STDINT_H 1
| #define HAVE_UNISTD_H 1
| #define HAVE_UNISTD_H 1
| #define HAVE_SYS_TIME_H 1
| #define HAVE_SYS_TIMES_H 1
| /* end confdefs.h.  */
| #include <stdio.h>
| #ifdef HAVE_SYS_TYPES_H
| # include <sys/types.h>
| #endif
| #ifdef HAVE_SYS_STAT_H
| # include <sys/stat.h>
| #endif
| #ifdef STDC_HEADERS
| # include <stdlib.h>
| # include <stddef.h>
| #else
| # ifdef HAVE_STDLIB_H
| #  include <stdlib.h>
| # endif
| #endif
| #ifdef HAVE_STRING_H
| # if !defined STDC_HEADERS && defined HAVE_MEMORY_H
| #  include <memory.h>
| # endif
| # include <string.h>
| #endif
| #ifdef HAVE_STRINGS_H
| # include <strings.h>
| #endif
| #ifdef HAVE_INTTYPES_H
| # include <inttypes.h>
| #endif
| #ifdef HAVE_STDINT_H
| # include <stdint.h>
| #endif
| #ifdef HAVE_UNISTD_H
| # include <unistd.h>
| #endif
| #include <ncurses/curses.h>
configure:4864: result: no
configure:4868: checking ncurses/curses.h presence
configure:4883: gcc -E  conftest.c
conftest.c:25:10: fatal error: ncurses/curses.h: No such file or directory
 #include <ncurses/curses.h>
          ^~~~~~~~~~~~~~~~~~
compilation terminated.
configure:4889: $? = 1
configure: failed program was:
| /* confdefs.h.  */
| #define PACKAGE_NAME "gnugo"
| #define PACKAGE_TARNAME "gnugo"
| #define PACKAGE_VERSION "3.8"
| #define PACKAGE_STRING "gnugo 3.8"
| #define PACKAGE_BUGREPORT ""
| #define PACKAGE "gnugo"
| #define VERSION "3.8"
| #define GNU_PACKAGE "GNU gnugo"
| #define TIME_WITH_SYS_TIME 1
| #define STDC_HEADERS 1
| #define HAVE_SYS_TYPES_H 1
| #define HAVE_SYS_STAT_H 1
| #define HAVE_STDLIB_H 1
| #define HAVE_STRING_H 1
| #define HAVE_MEMORY_H 1
| #define HAVE_STRINGS_H 1
| #define HAVE_INTTYPES_H 1
| #define HAVE_STDINT_H 1
| #define HAVE_UNISTD_H 1
| #define HAVE_UNISTD_H 1
| #define HAVE_SYS_TIME_H 1
| #define HAVE_SYS_TIMES_H 1
| /* end confdefs.h.  */
| #include <ncurses/curses.h>
configure:4903: result: no
configure:4931: checking for ncurses/curses.h
configure:4939: result: no
configure:4827: checking ncurses/term.h usability
configure:4844: gcc -c -g -O2  conftest.c >&5
conftest.c:58:10: fatal error: ncurses/term.h: No such file or directory
 #include <ncurses/term.h>
          ^~~~~~~~~~~~~~~~
compilation terminated.
configure:4850: $? = 1
configure: failed program was:
| /* confdefs.h.  */
| #define PACKAGE_NAME "gnugo"
| #define PACKAGE_TARNAME "gnugo"
| #define PACKAGE_VERSION "3.8"
| #define PACKAGE_STRING "gnugo 3.8"
| #define PACKAGE_BUGREPORT ""
| #define PACKAGE "gnugo"
| #define VERSION "3.8"
| #define GNU_PACKAGE "GNU gnugo"
| #define TIME_WITH_SYS_TIME 1
| #define STDC_HEADERS 1
| #define HAVE_SYS_TYPES_H 1
| #define HAVE_SYS_STAT_H 1
| #define HAVE_STDLIB_H 1
| #define HAVE_STRING_H 1
| #define HAVE_MEMORY_H 1
| #define HAVE_STRINGS_H 1
| #define HAVE_INTTYPES_H 1
| #define HAVE_STDINT_H 1
| #define HAVE_UNISTD_H 1
| #define HAVE_UNISTD_H 1
| #define HAVE_SYS_TIME_H 1
| #define HAVE_SYS_TIMES_H 1
| /* end confdefs.h.  */
| #include <stdio.h>
| #ifdef HAVE_SYS_TYPES_H
| # include <sys/types.h>
| #endif
| #ifdef HAVE_SYS_STAT_H
| # include <sys/stat.h>
| #endif
| #ifdef STDC_HEADERS
| # include <stdlib.h>
| # include <stddef.h>
| #else
| # ifdef HAVE_STDLIB_H
| #  include <stdlib.h>
| # endif
| #endif
| #ifdef HAVE_STRING_H
| # if !defined STDC_HEADERS && defined HAVE_MEMORY_H
| #  include <memory.h>
| # endif
| # include <string.h>
| #endif
| #ifdef HAVE_STRINGS_H
| # include <strings.h>
| #endif
| #ifdef HAVE_INTTYPES_H
| # include <inttypes.h>
| #endif
| #ifdef HAVE_STDINT_H
| # include <stdint.h>
| #endif
| #ifdef HAVE_UNISTD_H
| # include <unistd.h>
| #endif
| #include <ncurses/term.h>
configure:4864: result: no
configure:4868: checking ncurses/term.h presence
configure:4883: gcc -E  conftest.c
conftest.c:25:10: fatal error: ncurses/term.h: No such file or directory
 #include <ncurses/term.h>
          ^~~~~~~~~~~~~~~~
compilation terminated.
configure:4889: $? = 1
configure: failed program was:
| /* confdefs.h.  */
| #define PACKAGE_NAME "gnugo"
| #define PACKAGE_TARNAME "gnugo"
| #define PACKAGE_VERSION "3.8"
| #define PACKAGE_STRING "gnugo 3.8"
| #define PACKAGE_BUGREPORT ""
| #define PACKAGE "gnugo"
| #define VERSION "3.8"
| #define GNU_PACKAGE "GNU gnugo"
| #define TIME_WITH_SYS_TIME 1
| #define STDC_HEADERS 1
| #define HAVE_SYS_TYPES_H 1
| #define HAVE_SYS_STAT_H 1
| #define HAVE_STDLIB_H 1
| #define HAVE_STRING_H 1
| #define HAVE_MEMORY_H 1
| #define HAVE_STRINGS_H 1
| #define HAVE_INTTYPES_H 1
| #define HAVE_STDINT_H 1
| #define HAVE_UNISTD_H 1
| #define HAVE_UNISTD_H 1
| #define HAVE_SYS_TIME_H 1
| #define HAVE_SYS_TIMES_H 1
| /* end confdefs.h.  */
| #include <ncurses/term.h>
configure:4903: result: no
configure:4931: checking for ncurses/term.h
configure:4939: result: no
configure:4969: checking for long
configure:5000: gcc -c -g -O2  conftest.c >&5
configure:5006: $? = 0
configure:5021: result: yes
configure:5028: checking size of long
configure:5336: gcc -o conftest -g -O2   conftest.c -lm  >&5
configure:5339: $? = 0
configure:5345: ./conftest
configure:5348: $? = 0
configure:5371: result: 4
configure:5389: checking for vsnprintf
configure:5445: gcc -o conftest -g -O2   conftest.c -lm  >&5
conftest.c:49:6: warning: conflicting types for built-in function 'vsnprintf' [-Wbuiltin-declaration-mismatch]
 char vsnprintf ();
      ^~~~~~~~~
configure:5451: $? = 0
configure:5469: result: yes
configure:5389: checking for gettimeofday
configure:5445: gcc -o conftest -g -O2   conftest.c -lm  >&5
configure:5451: $? = 0
configure:5469: result: yes
configure:5389: checking for usleep
configure:5445: gcc -o conftest -g -O2   conftest.c -lm  >&5
configure:5451: $? = 0
configure:5469: result: yes
configure:5389: checking for times
configure:5445: gcc -o conftest -g -O2   conftest.c -lm  >&5
configure:5451: $? = 0
configure:5469: result: yes
configure:5778: checking for variadic cpp define
configure:5805: gcc -c -g -O2  conftest.c >&5
configure:5811: $? = 0
configure:5827: result: yes
configure:5840: checking whether gcc supports transparent unions
configure:5872: gcc -c -g -O2  conftest.c >&5
conftest.c: In function 'main':
conftest.c:40:3: warning: no semicolon at end of struct or union
   } A = { { .y = 0.0 } };
   ^
configure:5878: $? = 0
configure:5894: result: yes
configure:6022: checking for color support
configure:6024: result: none (curses failed)
configure:6462: checking whether socket support can be compiled
configure:6505: gcc -o conftest -g -O2   conftest.c -lm  >&5
configure:6511: $? = 0
configure:6528: result: yes
configure:6685: creating ./config.status

## ---------------------- ##
## Running config.status. ##
## ---------------------- ##

This file was extended by gnugo config.status 3.8, which was
generated by GNU Autoconf 2.61.  Invocation command line was

  CONFIG_FILES    = 
  CONFIG_HEADERS  = 
  CONFIG_LINKS    = 
  CONFIG_COMMANDS = 
  $ ./config.status 

on raspberrypi

config.status:653: creating Makefile
config.status:653: creating interface/Makefile
config.status:653: creating patterns/Makefile
config.status:653: creating sgf/Makefile
config.status:653: creating utils/Makefile
config.status:653: creating engine/Makefile
config.status:653: creating doc/Makefile
config.status:653: creating regression/Makefile
config.status:653: creating config.vc
config.status:653: creating config.h
config.status:948: executing depfiles commands

## ---------------- ##
## Cache variables. ##
## ---------------- ##

ac_cv_c_compiler_gnu=yes
ac_cv_c_const=yes
ac_cv_env_CC_set=
ac_cv_env_CC_value=
ac_cv_env_CFLAGS_set=
ac_cv_env_CFLAGS_value=
ac_cv_env_CPPFLAGS_set=
ac_cv_env_CPPFLAGS_value=
ac_cv_env_CPP_set=
ac_cv_env_CPP_value=
ac_cv_env_LDFLAGS_set=
ac_cv_env_LDFLAGS_value=
ac_cv_env_LIBS_set=
ac_cv_env_LIBS_value=
ac_cv_env_build_alias_set=
ac_cv_env_build_alias_value=
ac_cv_env_host_alias_set=
ac_cv_env_host_alias_value=
ac_cv_env_target_alias_set=
ac_cv_env_target_alias_value=
ac_cv_func_gettimeofday=yes
ac_cv_func_times=yes
ac_cv_func_usleep=yes
ac_cv_func_vsnprintf=yes
ac_cv_header_curses_h=no
ac_cv_header_inttypes_h=yes
ac_cv_header_memory_h=yes
ac_cv_header_ncurses_curses_h=no
ac_cv_header_ncurses_term_h=no
ac_cv_header_stdc=yes
ac_cv_header_stdint_h=yes
ac_cv_header_stdlib_h=yes
ac_cv_header_string_h=yes
ac_cv_header_strings_h=yes
ac_cv_header_sys_stat_h=yes
ac_cv_header_sys_time_h=yes
ac_cv_header_sys_times_h=yes
ac_cv_header_sys_types_h=yes
ac_cv_header_term_h=no
ac_cv_header_time=yes
ac_cv_header_unistd_h=yes
ac_cv_mingw32=no
ac_cv_objext=o
ac_cv_path_EGREP='/usr/bin/grep -E'
ac_cv_path_GREP=/usr/bin/grep
ac_cv_path_install='/usr/bin/install -c'
ac_cv_prog_AWK=mawk
ac_cv_prog_CPP='gcc -E'
ac_cv_prog_ac_ct_CC=gcc
ac_cv_prog_ac_ct_RANLIB=ranlib
ac_cv_prog_cc_c89=
ac_cv_prog_cc_g=yes
ac_cv_prog_make_make_set=yes
ac_cv_search_pow=-lm
ac_cv_sizeof_long=4
ac_cv_type_long=yes
am_cv_CC_dependencies_compiler_type=gcc3
gnugo_cv_cpp_variadic_define=yes
gnugo_cv_sockets_supported=yes
gnugo_cv_transparent_unions=yes

## ----------------- ##
## Output variables. ##
## ----------------- ##

ACLOCAL='${SHELL} /home/pi/AutoGo/gnugo-3.8/missing --run aclocal-1.9'
AMDEPBACKSLASH='\'
AMDEP_FALSE='#'
AMDEP_TRUE=''
AMTAR='${SHELL} /home/pi/AutoGo/gnugo-3.8/missing --run tar'
AUTOCONF='${SHELL} /home/pi/AutoGo/gnugo-3.8/missing --run autoconf'
AUTOHEADER='${SHELL} /home/pi/AutoGo/gnugo-3.8/missing --run autoheader'
AUTOMAKE='${SHELL} /home/pi/AutoGo/gnugo-3.8/missing --run automake-1.9'
AWK='mawk'
CC='gcc'
CCDEPMODE='depmode=gcc3'
CFLAGS='-g -O2'
CPP='gcc -E'
CPPFLAGS=''
CYGPATH_W='echo'
DEFS='-DHAVE_CONFIG_H'
DEPDIR='.deps'
DFA_ENABLED_FALSE='#'
DFA_ENABLED_TRUE=''
ECHO_C=''
ECHO_N='-n'
ECHO_T=''
EGREP='/usr/bin/grep -E'
EXEEXT=''
GCC_MAJOR_VERSION='8'
GCC_MINOR_VERSION='3'
GCC_ONLY_FALSE='#'
GCC_ONLY_TRUE=''
GNU_GO_WARNINGS='-Wall -W -Wpointer-arith -Wbad-function-cast -Wcast-qual -Wcast-align -Wwrite-strings -Wstrict-prototypes -Wmissing-prototypes -Wmissing-declarations -Wundef -Wdeclaration-after-statement'
GREP='/usr/bin/grep'
INSTALL_DATA='${INSTALL} -m 644'
INSTALL_PROGRAM='${INSTALL}'
INSTALL_SCRIPT='${INSTALL}'
INSTALL_STRIP_PROGRAM='${SHELL} $(install_sh) -c -s'
LDFLAGS=''
LIBOBJS=''
LIBS='-lm '
LTLIBOBJS=''
MAINT='#'
MAINTAINER_MODE_FALSE=''
MAINTAINER_MODE_TRUE='#'
MAKEINFO='${SHELL} /home/pi/AutoGo/gnugo-3.8/missing --run makeinfo'
OBJEXT='o'
PACKAGE='gnugo'
PACKAGE_BUGREPORT=''
PACKAGE_NAME='gnugo'
PACKAGE_STRING='gnugo 3.8'
PACKAGE_TARNAME='gnugo'
PACKAGE_VERSION='3.8'
PATH_SEPARATOR=':'
RANLIB='ranlib'
SET_MAKE=''
SHELL='/bin/bash'
STRIP=''
VERSION='3.8'
ac_ct_CC='gcc'
am__fastdepCC_FALSE='#'
am__fastdepCC_TRUE=''
am__include='include'
am__leading_dot='.'
am__quote=''
am__tar='${AMTAR} chof - "$$tardir"'
am__untar='${AMTAR} xf -'
bindir='${exec_prefix}/bin'
build_alias=''
datadir='${datarootdir}'
datarootdir='${prefix}/share'
docdir='${datarootdir}/doc/${PACKAGE_TARNAME}'
dvidir='${docdir}'
exec_prefix='${prefix}'
glibconfig=''
host_alias=''
htmldir='${docdir}'
includedir='${prefix}/include'
infodir='${datarootdir}/info'
install_sh='/home/pi/AutoGo/gnugo-3.8/install-sh'
libdir='${exec_prefix}/lib'
libexecdir='${exec_prefix}/libexec'
localedir='${datarootdir}/locale'
localstatedir='${prefix}/var'
mandir='${datarootdir}/man'
mkdir_p='mkdir -p --'
oldincludedir='/usr/include'
pdfdir='${docdir}'
prefix='/usr/local'
program_transform_name='s,x,x,'
psdir='${docdir}'
sbindir='${exec_prefix}/sbin'
sharedstatedir='${prefix}/com'
sysconfdir='${prefix}/etc'
target_alias=''

## ----------- ##
## confdefs.h. ##
## ----------- ##

#define PACKAGE_NAME "gnugo"
#define PACKAGE_TARNAME "gnugo"
#define PACKAGE_VERSION "3.8"
#define PACKAGE_STRING "gnugo 3.8"
#define PACKAGE_BUGREPORT ""
#define PACKAGE "gnugo"
#define VERSION "3.8"
#define GNU_PACKAGE "GNU gnugo"
#define TIME_WITH_SYS_TIME 1
#define STDC_HEADERS 1
#define HAVE_SYS_TYPES_H 1
#define HAVE_SYS_STAT_H 1
#define HAVE_STDLIB_H 1
#define HAVE_STRING_H 1
#define HAVE_MEMORY_H 1
#define HAVE_STRINGS_H 1
#define HAVE_INTTYPES_H 1
#define HAVE_STDINT_H 1
#define HAVE_UNISTD_H 1
#define HAVE_UNISTD_H 1
#define HAVE_SYS_TIME_H 1
#define HAVE_SYS_TIMES_H 1
#define SIZEOF_LONG 4
#define HAVE_VSNPRINTF 1
#define HAVE_GETTIMEOFDAY 1
#define HAVE_USLEEP 1
#define HAVE_TIMES 1
#define HAVE_VARIADIC_DEFINE 1
#define HAVE_TRANSPARENT_UNIONS 1
#define READLINE 0
#define GRID_OPT 1
#define DEFAULT_MEMORY -1
#define DEFAULT_LEVEL 10
#define OWL_NODE_LIMIT 1000
#define SEMEAI_NODE_LIMIT 500
#define CHINESE_RULES 0
#define RESIGNATION_ALLOWED 1
#define ORACLE 0
#define USE_BREAK_IN 1
#define EXPERIMENTAL_OWL_EXT 0
#define COSMIC_GNUGO 0
#define LARGE_SCALE 0
#define EXPERIMENTAL_CONNECTIONS 1
#define ALTERNATE_CONNECTIONS 1
#define OWL_THREATS 0
#define USE_VALGRIND 0
#define ENABLE_SOCKET_SUPPORT 1

configure: exit 0
